<?xml version="1.0" encoding="UTF-8"?>
<!-- Generated by org.testng.reporters.JUnitReportReporter -->
<testsuite hostname="AARCHITH" failures="0" tests="1" name="practiceddt.CreateUserTest" time="0.001" errors="0" timestamp="2021-04-27T22:44:14 IST" skipped="0">
  <testcase classname="practiceddt.CreateUserTest" name="userTest" time="0.001"/>
  <system-out/>
</testsuite> <!-- practiceddt.CreateUserTest -->
