<?xml version="1.0" encoding="UTF-8"?>
<!-- Generated by org.testng.reporters.JUnitReportReporter -->
<testsuite hostname="AARCHITH" failures="0" tests="1" name="practiceddt.CreateCustomerTest" time="0.010" errors="0" timestamp="2021-04-27T22:44:14 IST" skipped="0">
  <testcase classname="practiceddt.CreateCustomerTest" name="ReadTheDataFromXMLFile" time="0.010"/>
  <system-out/>
</testsuite> <!-- practiceddt.CreateCustomerTest -->
