<?xml version="1.0" encoding="UTF-8"?>
<!-- Generated by org.testng.reporters.JUnitReportReporter -->
<testsuite hostname="AARCHITH" failures="0" tests="1" name="practiceddt.ReadDataFromPropertyFileTest" time="0.013" errors="0" timestamp="2021-04-27T22:17:15 IST" skipped="0">
  <testcase classname="practiceddt.ReadDataFromPropertyFileTest" name="readDataTest" time="0.013"/>
  <system-out/>
</testsuite> <!-- practiceddt.ReadDataFromPropertyFileTest -->
