<?xml version="1.0" encoding="UTF-8"?>
<!-- Generated by org.testng.reporters.JUnitReportReporter -->
<testsuite hostname="AARCHITH" failures="0" tests="1" name="com.crm.vtigerTests.organization.TL_16_CreatingOrganizationCopyingShippingAddressSelectoptionisenablesornot_Test" time="42.721" errors="0" timestamp="2021-05-09T17:51:15 IST" skipped="0">
  <testcase classname="com.crm.vtigerTests.organization.TL_16_CreatingOrganizationCopyingShippingAddressSelectoptionisenablesornot_Test" name="createshippingbutton" time="42.721"/>
  <system-out/>
</testsuite> <!-- com.crm.vtigerTests.organization.TL_16_CreatingOrganizationCopyingShippingAddressSelectoptionisenablesornot_Test -->
