<?xml version="1.0" encoding="UTF-8"?>
<!-- Generated by org.testng.reporters.JUnitReportReporter -->
<testsuite hostname="AARCHITH" failures="0" tests="1" name="com.crm.vtigerTests.organization.TL_18_CreateOrganizationWithShippingAddress_Test" time="38.206" errors="0" timestamp="2021-05-09T18:33:04 IST" skipped="0">
  <testcase classname="com.crm.vtigerTests.organization.TL_18_CreateOrganizationWithShippingAddress_Test" name="createorgwithShipping" time="38.206"/>
  <system-out/>
</testsuite> <!-- com.crm.vtigerTests.organization.TL_18_CreateOrganizationWithShippingAddress_Test -->
