<?xml version="1.0" encoding="UTF-8"?>
<!-- Generated by org.testng.reporters.JUnitReportReporter -->
<testsuite hostname="AARCHITH" failures="0" tests="1" name="jDBC.VtigerGetOrganisationName" time="33.166" errors="0" timestamp="2021-04-28T13:53:57 IST" skipped="0">
  <testcase classname="jDBC.VtigerGetOrganisationName" name="readOrganisationNames" time="33.166"/>
  <system-out/>
</testsuite> <!-- jDBC.VtigerGetOrganisationName -->
