<?xml version="1.0" encoding="UTF-8"?>
<!-- Generated by org.testng.reporters.JUnitReportReporter -->
<testsuite hostname="AARCHITH" failures="0" tests="1" name="pptddt.createorgwithshippingadress" time="617.587" errors="0" timestamp="2021-05-05T22:36:58 IST" skipped="0">
  <testcase classname="pptddt.createorgwithshippingadress" name="createshippingbutton" time="617.587"/>
  <system-out/>
</testsuite> <!-- pptddt.createorgwithshippingadress -->
