<?xml version="1.0" encoding="UTF-8"?>
<!-- Generated by org.testng.reporters.JUnitReportReporter -->
<testsuite hostname="AARCHITH" failures="0" tests="1" name="practiceddt.CreateCustomerTest" time="0.017" errors="0" timestamp="2021-04-27T22:20:57 IST" skipped="0">
  <testcase classname="practiceddt.CreateCustomerTest" name="ReadTheDataFromXMLFile" time="0.017"/>
  <system-out/>
</testsuite> <!-- practiceddt.CreateCustomerTest -->
