<?xml version="1.0" encoding="UTF-8"?>
<!-- Generated by org.testng.reporters.JUnitReportReporter -->
<testsuite hostname="AARCHITH" failures="0" tests="1" name="pptddt.createwithBillingtest" time="45.450" errors="0" timestamp="2021-05-05T22:36:42 IST" skipped="0">
  <testcase classname="pptddt.createwithBillingtest" name="createorgwithShipping" time="45.450"/>
  <system-out/>
</testsuite> <!-- pptddt.createwithBillingtest -->
