<?xml version="1.0" encoding="UTF-8"?>
<!-- Generated by org.testng.reporters.JUnitReportReporter -->
<testsuite hostname="AARCHITH" failures="0" tests="2" name="com.crm.vtiger.GenericUtils.BaseClass" time="0.023" errors="0" timestamp="2021-05-01T12:34:16 IST" skipped="0">
  <testcase classname="com.crm.vtiger.GenericUtils.BaseClass" name="createUser" time="0.013"/>
  <system-out/>
  <testcase classname="com.crm.vtiger.GenericUtils.BaseClass" name="modifyUser" time="0.010"/>
  <system-out/>
</testsuite> <!-- com.crm.vtiger.GenericUtils.BaseClass -->
