<?xml version="1.0" encoding="UTF-8"?>
<!-- Generated by org.testng.reporters.JUnitReportReporter -->
<testsuite hostname="AARCHITH" failures="0" tests="1" name="com.crm.vtigerTests.organization.TL_19CreatingOrganizationWithOutShippingAdress_Test" time="33.539" errors="0" timestamp="2021-05-09T18:54:24 IST" skipped="0">
  <testcase classname="com.crm.vtigerTests.organization.TL_19CreatingOrganizationWithOutShippingAdress_Test" name="createsorgwithoutshipping" time="33.539"/>
  <system-out/>
</testsuite> <!-- com.crm.vtigerTests.organization.TL_19CreatingOrganizationWithOutShippingAdress_Test -->
