<?xml version="1.0" encoding="UTF-8"?>
<!-- Generated by org.testng.reporters.JUnitReportReporter -->
<testsuite hostname="AARCHITH" failures="0" tests="2" name="practiceddt.DataDrivenTest" time="0.015" errors="0" timestamp="2021-05-01T23:36:53 IST" skipped="0">
  <testcase classname="practiceddt.DataDrivenTest" name="test" time="0.012"/>
  <system-out/>
  <testcase classname="practiceddt.DataDrivenTest" name="test" time="0.003"/>
  <system-out/>
</testsuite> <!-- practiceddt.DataDrivenTest -->
