<?xml version="1.0" encoding="UTF-8"?>
<!-- Generated by org.testng.reporters.JUnitReportReporter -->
<testsuite hostname="AARCHITH" failures="0" tests="1" name="com.crm.vtigerTests.CreateOrganizationTest" time="38.480" errors="0" timestamp="2021-05-02T18:32:43 IST" skipped="0">
  <testcase classname="com.crm.vtigerTests.CreateOrganizationTest" name="createOrganization" time="38.480"/>
  <system-out/>
</testsuite> <!-- com.crm.vtigerTests.CreateOrganizationTest -->
