<?xml version="1.0" encoding="UTF-8"?>
<!-- Generated by org.testng.reporters.JUnitReportReporter -->
<testsuite hostname="AARCHITH" failures="0" tests="1" name="com.crm.vtigerTests.organization.Tl_20_CreatingOrganizationWithBillingAdress_Test" time="34.804" errors="0" timestamp="2021-05-09T18:53:06 IST" skipped="0">
  <testcase classname="com.crm.vtigerTests.organization.Tl_20_CreatingOrganizationWithBillingAdress_Test" name="createorgwithbilling" time="34.804"/>
  <system-out/>
</testsuite> <!-- com.crm.vtigerTests.organization.Tl_20_CreatingOrganizationWithBillingAdress_Test -->
