<?xml version="1.0" encoding="UTF-8"?>
<!-- Generated by org.testng.reporters.JUnitReportReporter -->
<testsuite hostname="AARCHITH" failures="0" tests="1" name="pptddt.copyBillhingAdress" time="34.344" errors="0" timestamp="2021-05-05T21:56:21 IST" skipped="0">
  <testcase classname="pptddt.copyBillhingAdress" name="createbillingbutton" time="34.344"/>
  <system-out/>
</testsuite> <!-- pptddt.copyBillhingAdress -->
