<?xml version="1.0" encoding="UTF-8"?>
<!-- Generated by org.testng.reporters.JUnitReportReporter -->
<testsuite hostname="AARCHITH" failures="0" tests="1" name="com.crm.vtigerTests.organization.TL_17CreatingOrganizationCopyingBillingAdressSelectOptionIsEnableOrNot_Test" time="39.500" errors="0" timestamp="2021-05-09T17:59:18 IST" skipped="0">
  <testcase classname="com.crm.vtigerTests.organization.TL_17CreatingOrganizationCopyingBillingAdressSelectOptionIsEnableOrNot_Test" name="createbillingbutton" time="39.500"/>
  <system-out/>
</testsuite> <!-- com.crm.vtigerTests.organization.TL_17CreatingOrganizationCopyingBillingAdressSelectOptionIsEnableOrNot_Test -->
